<?xml version="1.0" encoding="UTF-8"?>
<!-- Generated by org.testng.reporters.JUnitReportReporter -->
<testsuite hostname="LAPTOP-53SU0BPD" failures="0" tests="4" name="practiceTestNG.VerifyRoomPage" time="161.641" errors="0" timestamp="2022-09-17T19:25:33 IST" skipped="0">
  <testcase classname="practiceTestNG.VerifyRoomPage" name="B_verifyingVisitHelpCenterPage" time="58.577"/>
  <system-out/>
  <testcase classname="practiceTestNG.VerifyRoomPage" name="A_verifyingGoBackToMessengerPage" time="62.878"/>
  <system-out/>
  <testcase classname="practiceTestNG.VerifyRoomPage" name="B_verifyingVisitHelpCenterPage" time="27.986"/>
  <system-out/>
  <testcase classname="practiceTestNG.VerifyRoomPage" name="A_verifyingGoBackToMessengerPage" time="12.200"/>
  <system-out/>
</testsuite> <!-- practiceTestNG.VerifyRoomPage -->
