<?xml version="1.0" encoding="UTF-8"?>
<!-- Generated by org.testng.reporters.JUnitReportReporter -->
<testsuite hostname="LAPTOP-53SU0BPD" failures="0" tests="1" name="pack1.TestNG" time="0.116" errors="0" timestamp="2022-09-08T22:47:29 IST" skipped="0">
  <testcase classname="pack1.TestNG" name="test1" time="0.116"/>
  <system-out/>
</testsuite> <!-- pack1.TestNG -->
